 GET /api/v2/mundial/employee - - ms PostmanRuntime/7.42.0 Tue, 01 Oct 2024 09:27:59 GMT
 GET /api/v2/mundial/employee?id=1 - - ms PostmanRuntime/7.42.0 Tue, 01 Oct 2024 09:28:23 GMT
 GET /api/v2/mundial/employee?id=1 - - ms PostmanRuntime/7.42.0 Tue, 01 Oct 2024 09:29:13 GMT
 GET /api/v2/mundial/employee?id=1 - - ms PostmanRuntime/7.42.0 Tue, 01 Oct 2024 09:30:36 GMT
 GET /api/v2/mundial/employee?id=1 200 144.534 ms PostmanRuntime/7.42.0 Tue, 01 Oct 2024 09:41:08 GMT
 GET /api/v2/mundial/employee?id=2 404 82.807 ms PostmanRuntime/7.42.0 Tue, 01 Oct 2024 09:41:58 GMT - error-message: -
 GET /api/v2/mundial/employee?id=2 404 11.444 ms PostmanRuntime/7.42.0 Tue, 01 Oct 2024 09:42:13 GMT - error-message: -
 GET /api/v2/mundial/employee?id=3 404 17.104 ms PostmanRuntime/7.42.0 Tue, 01 Oct 2024 09:42:20 GMT - error-message: -
 GET /api/v2/mundial/employee?id=1 200 7.691 ms PostmanRuntime/7.42.0 Tue, 01 Oct 2024 09:42:25 GMT
 GET /api/v2/mundial/employee?id=0 404 25.326 ms PostmanRuntime/7.42.0 Tue, 01 Oct 2024 09:42:48 GMT - error-message: -
 GET /api/v2/mundial/employee?id=0 404 25.586 ms PostmanRuntime/7.42.0 Tue, 01 Oct 2024 09:43:48 GMT - error-message: -
 GET /api/v2/mundial/employee?id=1 200 516.239 ms PostmanRuntime/7.42.0 Tue, 01 Oct 2024 09:43:52 GMT
 GET /api/v2/mundial/employee?id=1 200 7.280 ms PostmanRuntime/7.42.0 Tue, 01 Oct 2024 09:43:58 GMT
 GET /api/v2/mundial/employee?id=1 200 40.827 ms PostmanRuntime/7.42.0 Tue, 01 Oct 2024 09:46:38 GMT
 GET /api/v2/mundial/employee?id=1 200 41.279 ms PostmanRuntime/7.42.0 Tue, 01 Oct 2024 09:46:45 GMT
 GET /api/v2/mundial/employee?id=1 200 46.706 ms PostmanRuntime/7.42.0 Tue, 01 Oct 2024 09:47:53 GMT
 GET /api/v2/mundial/employee?id=2 200 16.450 ms PostmanRuntime/7.42.0 Tue, 01 Oct 2024 09:48:26 GMT
 GET /api/v2/mundial/employee?id=2 200 31.897 ms PostmanRuntime/7.42.0 Tue, 01 Oct 2024 09:48:53 GMT
 GET /api/v2/mundial/employee?id=20o 400 173.815 ms PostmanRuntime/7.42.0 Tue, 01 Oct 2024 09:49:03 GMT - error-message: -
 GET /api/v2/mundial/employee?id=20 404 26.236 ms PostmanRuntime/7.42.0 Tue, 01 Oct 2024 09:49:47 GMT - error-message: -
